{"uuid":"5928f6fe-6eb2-44e1-94d2-f8efc29e43d4","historyId":"33454e0ea60e0af922db86977c94cd09","fullName":"PageMyAccountTest.openLoginPagePressButtonExitPositiveTest","labels":[{"name":"package","value":""},{"name":"testClass","value":"PageMyAccountTest"},{"name":"testMethod","value":"openLoginPagePressButtonExitPositiveTest"},{"name":"suite","value":"Тесты страницы личного кабинета"},{"name":"host","value":"macbook-pro"},{"name":"thread","value":"2403@macbook-pro.main(1)"},{"name":"framework","value":"junit4"},{"name":"language","value":"java"}],"links":[],"name":"Выход из аккаунта","status":"broken","statusDetails":{"known":false,"muted":false,"flaky":false,"message":"element click intercepted: Element <button class=\"button_button__33qZ0 button_button_type_primary__1O7Bx button_button_size_large__G21Vg\">...</button> is not clickable at point (1088, 440). Other element would receive the click: <div class=\"Modal_modal_overlay__x2ZCr\"></div>\n  (Session info: chrome=116.0.5845.110)\nBuild info: version: '3.14.0', revision: 'aacccce0', time: '2018-08-02T20:19:58.91Z'\nSystem info: host: 'macbook-pro', ip: 'fe80:0:0:0:cc3:3591:4ae6:8f80%en0', os.name: 'Mac OS X', os.arch: 'aarch64', os.version: '13.4.1', java.version: '20.0.1'\nDriver info: org.openqa.selenium.chrome.ChromeDriver\nCapabilities {acceptInsecureCerts: false, browserName: chrome, browserVersion: 116.0.5845.110, chrome: {chromedriverVersion: 116.0.5845.96 (1a3918166880..., userDataDir: /var/folders/6x/4cg0t2dj35n...}, fedcm:accounts: true, goog:chromeOptions: {debuggerAddress: localhost:54391}, javascriptEnabled: true, networkConnectionEnabled: false, pageLoadStrategy: normal, platform: MAC, platformName: MAC, proxy: Proxy(), setWindowRect: true, strictFileInteractability: false, timeouts: {implicit: 0, pageLoad: 300000, script: 30000}, unhandledPromptBehavior: dismiss and notify, webauthn:extension:credBlob: true, webauthn:extension:largeBlob: true, webauthn:extension:minPinLength: true, webauthn:extension:prf: true, webauthn:virtualAuthenticators: true}\nSession ID: 8368a1e58e8dff08dc43cf124263200f","trace":"org.openqa.selenium.ElementClickInterceptedException: element click intercepted: Element <button class=\"button_button__33qZ0 button_button_type_primary__1O7Bx button_button_size_large__G21Vg\">...</button> is not clickable at point (1088, 440). Other element would receive the click: <div class=\"Modal_modal_overlay__x2ZCr\"></div>\n  (Session info: chrome=116.0.5845.110)\nBuild info: version: '3.14.0', revision: 'aacccce0', time: '2018-08-02T20:19:58.91Z'\nSystem info: host: 'macbook-pro', ip: 'fe80:0:0:0:cc3:3591:4ae6:8f80%en0', os.name: 'Mac OS X', os.arch: 'aarch64', os.version: '13.4.1', java.version: '20.0.1'\nDriver info: org.openqa.selenium.chrome.ChromeDriver\nCapabilities {acceptInsecureCerts: false, browserName: chrome, browserVersion: 116.0.5845.110, chrome: {chromedriverVersion: 116.0.5845.96 (1a3918166880..., userDataDir: /var/folders/6x/4cg0t2dj35n...}, fedcm:accounts: true, goog:chromeOptions: {debuggerAddress: localhost:54391}, javascriptEnabled: true, networkConnectionEnabled: false, pageLoadStrategy: normal, platform: MAC, platformName: MAC, proxy: Proxy(), setWindowRect: true, strictFileInteractability: false, timeouts: {implicit: 0, pageLoad: 300000, script: 30000}, unhandledPromptBehavior: dismiss and notify, webauthn:extension:credBlob: true, webauthn:extension:largeBlob: true, webauthn:extension:minPinLength: true, webauthn:extension:prf: true, webauthn:virtualAuthenticators: true}\nSession ID: 8368a1e58e8dff08dc43cf124263200f\n\tat java.base/jdk.internal.reflect.DirectConstructorHandleAccessor.newInstance(DirectConstructorHandleAccessor.java:67)\n\tat java.base/java.lang.reflect.Constructor.newInstanceWithCaller(Constructor.java:500)\n\tat java.base/java.lang.reflect.Constructor.newInstance(Constructor.java:484)\n\tat org.openqa.selenium.remote.http.W3CHttpResponseCodec.createException(W3CHttpResponseCodec.java:187)\n\tat org.openqa.selenium.remote.http.W3CHttpResponseCodec.decode(W3CHttpResponseCodec.java:122)\n\tat org.openqa.selenium.remote.http.W3CHttpResponseCodec.decode(W3CHttpResponseCodec.java:49)\n\tat org.openqa.selenium.remote.HttpCommandExecutor.execute(HttpCommandExecutor.java:158)\n\tat org.openqa.selenium.remote.service.DriverCommandExecutor.execute(DriverCommandExecutor.java:83)\n\tat org.openqa.selenium.remote.RemoteWebDriver.execute(RemoteWebDriver.java:548)\n\tat org.openqa.selenium.remote.RemoteWebElement.execute(RemoteWebElement.java:276)\n\tat org.openqa.selenium.remote.RemoteWebElement.click(RemoteWebElement.java:83)\n\tat page_objects.MainPage.pressButtonLogin(MainPage.java:28)\n\tat PageMyAccountTest.setupAccount(PageMyAccountTest.java:25)\n\tat java.base/jdk.internal.reflect.DirectMethodHandleAccessor.invoke(DirectMethodHandleAccessor.java:104)\n\tat java.base/java.lang.reflect.Method.invoke(Method.java:578)\n\tat org.junit.runners.model.FrameworkMethod$1.runReflectiveCall(FrameworkMethod.java:59)\n\tat org.junit.internal.runners.model.ReflectiveCallable.run(ReflectiveCallable.java:12)\n\tat org.junit.runners.model.FrameworkMethod.invokeExplosively(FrameworkMethod.java:56)\n\tat org.junit.internal.runners.statements.RunBefores.invokeMethod(RunBefores.java:33)\n\tat org.junit.internal.runners.statements.RunBefores.evaluate(RunBefores.java:24)\n\tat org.junit.internal.runners.statements.RunAfters.evaluate(RunAfters.java:27)\n\tat org.junit.runners.ParentRunner$3.evaluate(ParentRunner.java:306)\n\tat org.junit.runners.BlockJUnit4ClassRunner$1.evaluate(BlockJUnit4ClassRunner.java:100)\n\tat org.junit.runners.ParentRunner.runLeaf(ParentRunner.java:366)\n\tat org.junit.runners.BlockJUnit4ClassRunner.runChild(BlockJUnit4ClassRunner.java:103)\n\tat org.junit.runners.BlockJUnit4ClassRunner.runChild(BlockJUnit4ClassRunner.java:63)\n\tat org.junit.runners.ParentRunner$4.run(ParentRunner.java:331)\n\tat org.junit.runners.ParentRunner$1.schedule(ParentRunner.java:79)\n\tat org.junit.runners.ParentRunner.runChildren(ParentRunner.java:329)\n\tat org.junit.runners.ParentRunner.access$100(ParentRunner.java:66)\n\tat org.junit.runners.ParentRunner$2.evaluate(ParentRunner.java:293)\n\tat org.junit.runners.ParentRunner$3.evaluate(ParentRunner.java:306)\n\tat org.junit.runners.ParentRunner.run(ParentRunner.java:413)\n\tat org.apache.maven.surefire.junit4.JUnit4Provider.execute(JUnit4Provider.java:365)\n\tat org.apache.maven.surefire.junit4.JUnit4Provider.executeWithRerun(JUnit4Provider.java:273)\n\tat org.apache.maven.surefire.junit4.JUnit4Provider.executeTestSet(JUnit4Provider.java:238)\n\tat org.apache.maven.surefire.junit4.JUnit4Provider.invoke(JUnit4Provider.java:159)\n\tat org.apache.maven.surefire.booter.ForkedBooter.invokeProviderInSameClassLoader(ForkedBooter.java:384)\n\tat org.apache.maven.surefire.booter.ForkedBooter.runSuitesInProcess(ForkedBooter.java:345)\n\tat org.apache.maven.surefire.booter.ForkedBooter.execute(ForkedBooter.java:126)\n\tat org.apache.maven.surefire.booter.ForkedBooter.main(ForkedBooter.java:418)\n"},"stage":"finished","description":"Проверяю переход на страницу Логина после нажатия на кнопку Выхода","steps":[{"name":"Создание пользователя","status":"passed","stage":"finished","steps":[],"attachments":[],"parameters":[{"name":"user","value":"User{email='raB54OW@yandex.ru', password='Pjuxro5LAB', firstName='raB54OW'}"}],"start":1692904645186,"stop":1692904645595},{"name":"Открыть страницу","status":"passed","stage":"finished","steps":[],"attachments":[],"parameters":[],"start":1692904645595,"stop":1692904652402},{"name":"Нажимаю кнопку войти в аккаунт на главной странице","status":"broken","statusDetails":{"known":false,"muted":false,"flaky":false,"message":"element click intercepted: Element <button class=\"button_button__33qZ0 button_button_type_primary__1O7Bx button_button_size_large__G21Vg\">...</button> is not clickable at point (1088, 440). Other element would receive the click: <div class=\"Modal_modal_overlay__x2ZCr\"></div>\n  (Session info: chrome=116.0.5845.110)\nBuild info: version: '3.14.0', revision: 'aacccce0', time: '2018-08-02T20:19:58.91Z'\nSystem info: host: 'macbook-pro', ip: 'fe80:0:0:0:cc3:3591:4ae6:8f80%en0', os.name: 'Mac OS X', os.arch: 'aarch64', os.version: '13.4.1', java.version: '20.0.1'\nDriver info: org.openqa.selenium.chrome.ChromeDriver\nCapabilities {acceptInsecureCerts: false, browserName: chrome, browserVersion: 116.0.5845.110, chrome: {chromedriverVersion: 116.0.5845.96 (1a3918166880..., userDataDir: /var/folders/6x/4cg0t2dj35n...}, fedcm:accounts: true, goog:chromeOptions: {debuggerAddress: localhost:54391}, javascriptEnabled: true, networkConnectionEnabled: false, pageLoadStrategy: normal, platform: MAC, platformName: MAC, proxy: Proxy(), setWindowRect: true, strictFileInteractability: false, timeouts: {implicit: 0, pageLoad: 300000, script: 30000}, unhandledPromptBehavior: dismiss and notify, webauthn:extension:credBlob: true, webauthn:extension:largeBlob: true, webauthn:extension:minPinLength: true, webauthn:extension:prf: true, webauthn:virtualAuthenticators: true}\nSession ID: 8368a1e58e8dff08dc43cf124263200f","trace":"org.openqa.selenium.ElementClickInterceptedException: element click intercepted: Element <button class=\"button_button__33qZ0 button_button_type_primary__1O7Bx button_button_size_large__G21Vg\">...</button> is not clickable at point (1088, 440). Other element would receive the click: <div class=\"Modal_modal_overlay__x2ZCr\"></div>\n  (Session info: chrome=116.0.5845.110)\nBuild info: version: '3.14.0', revision: 'aacccce0', time: '2018-08-02T20:19:58.91Z'\nSystem info: host: 'macbook-pro', ip: 'fe80:0:0:0:cc3:3591:4ae6:8f80%en0', os.name: 'Mac OS X', os.arch: 'aarch64', os.version: '13.4.1', java.version: '20.0.1'\nDriver info: org.openqa.selenium.chrome.ChromeDriver\nCapabilities {acceptInsecureCerts: false, browserName: chrome, browserVersion: 116.0.5845.110, chrome: {chromedriverVersion: 116.0.5845.96 (1a3918166880..., userDataDir: /var/folders/6x/4cg0t2dj35n...}, fedcm:accounts: true, goog:chromeOptions: {debuggerAddress: localhost:54391}, javascriptEnabled: true, networkConnectionEnabled: false, pageLoadStrategy: normal, platform: MAC, platformName: MAC, proxy: Proxy(), setWindowRect: true, strictFileInteractability: false, timeouts: {implicit: 0, pageLoad: 300000, script: 30000}, unhandledPromptBehavior: dismiss and notify, webauthn:extension:credBlob: true, webauthn:extension:largeBlob: true, webauthn:extension:minPinLength: true, webauthn:extension:prf: true, webauthn:virtualAuthenticators: true}\nSession ID: 8368a1e58e8dff08dc43cf124263200f\n\tat java.base/jdk.internal.reflect.DirectConstructorHandleAccessor.newInstance(DirectConstructorHandleAccessor.java:67)\n\tat java.base/java.lang.reflect.Constructor.newInstanceWithCaller(Constructor.java:500)\n\tat java.base/java.lang.reflect.Constructor.newInstance(Constructor.java:484)\n\tat org.openqa.selenium.remote.http.W3CHttpResponseCodec.createException(W3CHttpResponseCodec.java:187)\n\tat org.openqa.selenium.remote.http.W3CHttpResponseCodec.decode(W3CHttpResponseCodec.java:122)\n\tat org.openqa.selenium.remote.http.W3CHttpResponseCodec.decode(W3CHttpResponseCodec.java:49)\n\tat org.openqa.selenium.remote.HttpCommandExecutor.execute(HttpCommandExecutor.java:158)\n\tat org.openqa.selenium.remote.service.DriverCommandExecutor.execute(DriverCommandExecutor.java:83)\n\tat org.openqa.selenium.remote.RemoteWebDriver.execute(RemoteWebDriver.java:548)\n\tat org.openqa.selenium.remote.RemoteWebElement.execute(RemoteWebElement.java:276)\n\tat org.openqa.selenium.remote.RemoteWebElement.click(RemoteWebElement.java:83)\n\tat page_objects.MainPage.pressButtonLogin(MainPage.java:28)\n\tat PageMyAccountTest.setupAccount(PageMyAccountTest.java:25)\n\tat java.base/jdk.internal.reflect.DirectMethodHandleAccessor.invoke(DirectMethodHandleAccessor.java:104)\n\tat java.base/java.lang.reflect.Method.invoke(Method.java:578)\n\tat org.junit.runners.model.FrameworkMethod$1.runReflectiveCall(FrameworkMethod.java:59)\n\tat org.junit.internal.runners.model.ReflectiveCallable.run(ReflectiveCallable.java:12)\n\tat org.junit.runners.model.FrameworkMethod.invokeExplosively(FrameworkMethod.java:56)\n\tat org.junit.internal.runners.statements.RunBefores.invokeMethod(RunBefores.java:33)\n\tat org.junit.internal.runners.statements.RunBefores.evaluate(RunBefores.java:24)\n\tat org.junit.internal.runners.statements.RunAfters.evaluate(RunAfters.java:27)\n\tat org.junit.runners.ParentRunner$3.evaluate(ParentRunner.java:306)\n\tat org.junit.runners.BlockJUnit4ClassRunner$1.evaluate(BlockJUnit4ClassRunner.java:100)\n\tat org.junit.runners.ParentRunner.runLeaf(ParentRunner.java:366)\n\tat org.junit.runners.BlockJUnit4ClassRunner.runChild(BlockJUnit4ClassRunner.java:103)\n\tat org.junit.runners.BlockJUnit4ClassRunner.runChild(BlockJUnit4ClassRunner.java:63)\n\tat org.junit.runners.ParentRunner$4.run(ParentRunner.java:331)\n\tat org.junit.runners.ParentRunner$1.schedule(ParentRunner.java:79)\n\tat org.junit.runners.ParentRunner.runChildren(ParentRunner.java:329)\n\tat org.junit.runners.ParentRunner.access$100(ParentRunner.java:66)\n\tat org.junit.runners.ParentRunner$2.evaluate(ParentRunner.java:293)\n\tat org.junit.runners.ParentRunner$3.evaluate(ParentRunner.java:306)\n\tat org.junit.runners.ParentRunner.run(ParentRunner.java:413)\n\tat org.apache.maven.surefire.junit4.JUnit4Provider.execute(JUnit4Provider.java:365)\n\tat org.apache.maven.surefire.junit4.JUnit4Provider.executeWithRerun(JUnit4Provider.java:273)\n\tat org.apache.maven.surefire.junit4.JUnit4Provider.executeTestSet(JUnit4Provider.java:238)\n\tat org.apache.maven.surefire.junit4.JUnit4Provider.invoke(JUnit4Provider.java:159)\n\tat org.apache.maven.surefire.booter.ForkedBooter.invokeProviderInSameClassLoader(ForkedBooter.java:384)\n\tat org.apache.maven.surefire.booter.ForkedBooter.runSuitesInProcess(ForkedBooter.java:345)\n\tat org.apache.maven.surefire.booter.ForkedBooter.execute(ForkedBooter.java:126)\n\tat org.apache.maven.surefire.booter.ForkedBooter.main(ForkedBooter.java:418)\n"},"stage":"finished","steps":[],"attachments":[],"parameters":[],"start":1692904652402,"stop":1692904653498},{"name":"Логин пользователя","status":"passed","stage":"finished","steps":[],"attachments":[],"parameters":[{"name":"creds","value":"UserCredentials{email='raB54OW@yandex.ru', password='Pjuxro5LAB'}"}],"start":1692904653498,"stop":1692904653849},{"name":"Удаление пользователя","status":"passed","stage":"finished","steps":[],"attachments":[],"parameters":[{"name":"response","value":"io.restassured.internal.RestAssuredResponseImpl@502a9b30"}],"start":1692904653866,"stop":1692904654382}],"attachments":[],"parameters":[],"start":1692904643661,"stop":1692904654476}